Mongo DB [host|port|database]: [127.0.0.1|27017|pokemon]
Current Type: poison
Current Type: poison
Current Type: poison
Current Type: fire
Current Type: fire
Current Type: flying
Current Type: water
Current Type: water
Current Type: water
Current Type: bug
Current Type: bug
Current Type: flying
Current Type: poison
Current Type: poison
Current Type: poison
Current Type: flying
Current Type: flying
Current Type: flying
Current Type: normal
Current Type: normal
Current Type: flying
Current Type: flying
Current Type: poison
Current Type: poison
Current Type: electric
Current Type: electric
Current Type: ground
Current Type: ground
Current Type: poison
Current Type: poison
Current Type: ground
Current Type: poison
Current Type: poison
Current Type: ground
Current Type: fairy
Current Type: fairy
Current Type: fire
Current Type: fire
Current Type: fairy
Current Type: fairy
Current Type: flying
Current Type: flying
Current Type: poison
Current Type: poison
Current Type: poison
Current Type: grass
Current Type: grass
Current Type: poison
Current Type: poison
Current Type: ground
Current Type: ground
Current Type: normal
Current Type: normal
Current Type: water
Current Type: water
Current Type: fighting
Current Type: fighting
Current Type: fire
Current Type: fire
Current Type: water
Current Type: water
Current Type: fighting
Current Type: psychic
Current Type: psychic
Current Type: psychic
Current Type: fighting
Current Type: fighting
Current Type: fighting
Current Type: poison
Current Type: poison
Current Type: poison
Current Type: poison
Current Type: poison
Current Type: ground
Current Type: ground
Current Type: ground
Current Type: fire
Current Type: fire
Current Type: psychic
Current Type: psychic
Current Type: steel
Current Type: steel
Current Type: flying
Current Type: flying
Current Type: flying
Current Type: water
Current Type: ice
Current Type: poison
Current Type: poison
Current Type: water
Current Type: ice
Current Type: poison
Current Type: poison
Current Type: poison
Current Type: ground
Current Type: psychic
Current Type: psychic
Current Type: water
Current Type: water
Current Type: electric
Current Type: electric
Current Type: psychic
Current Type: psychic
Current Type: ground
Current Type: ground
Current Type: fighting
Current Type: fighting
Current Type: normal
Current Type: poison
Current Type: poison
Current Type: rock
Current Type: rock
Current Type: normal
Current Type: grass
Current Type: normal
Current Type: water
Current Type: water
Current Type: water
Current Type: water
Current Type: water
Current Type: psychic
Current Type: fairy
Current Type: flying
Current Type: psychic
Current Type: electric
Current Type: fire
Current Type: bug
Current Type: normal
Current Type: water
Current Type: flying
Current Type: ice
Current Type: normal
Current Type: normal
Current Type: water
Current Type: electric
Current Type: fire
Current Type: normal
Current Type: water
Current Type: water
Current Type: water
Current Type: water
Current Type: flying
Current Type: normal
Current Type: flying
Current Type: flying
Current Type: flying
Current Type: dragon
Current Type: dragon
Current Type: flying
Current Type: psychic
Current Type: psychic
Current Type: bug
Current Type: poison
Current Type: normal
Current Type: grass
Current Type: bug
Current Type: grass
Current Type: rock
Current Type: water
Current Type: normal
Current Type: ghost
Current Type: ice
Current Type: rock
Current Type: ice
Current Type: dragon
Current Type: bug
Current Type: normal
Current Type: grass
Current Type: grass
Current Type: rock
Current Type: water
Current Type: normal
Current Type: rock
Current Type: water
Current Type: rock
Current Type: electric
Current Type: grass
Current Type: fire
Current Type: normal
Current Type: normal
Current Type: poison
Current Type: poison
Current Type: bug
Current Type: grass
Current Type: rock
Current Type: electric
Current Type: water
Current Type: ground
Current Type: water
Current Type: water
Current Type: rock
Current Type: fire
Current Type: grass
Current Type: bug
Current Type: normal
Current Type: normal
Current Type: poison
Current Type: bug
Current Type: water
Current Type: water
Current Type: electric
Current Type: water
Current Type: ghost
Current Type: grass
Current Type: ground
Current Type: psychic
Current Type: rock
Current Type: grass
Current Type: bug
Current Type: normal
Current Type: grass
Current Type: bug
Current Type: water
Current Type: normal
Current Type: ghost
Current Type: grass
Current Type: bug
Current Type: rock
